nohup: ignoring input
Watching for file changes with StatReloader
/var/www/backend/school-backend/venv/lib/python3.12/site-packages/fpdf/__init__.py:41: UserWarning: You have both PyFPDF & fpdf2 installed. Both packages cannot be installed at the same time as they share the same module namespace. To only keep fpdf2, run: pip uninstall --yes pypdf && pip install --upgrade fpdf2
  warnings.warn(
[06/Mar/2026 07:53:20] "GET /api/notifications/ HTTP/1.1" 200 52
Unauthorized: /api/management/schools/
[06/Mar/2026 07:53:23] "HEAD /api/management/schools/ HTTP/1.1" 401 0
[06/Mar/2026 07:54:01] "GET /api/notifications/ HTTP/1.1" 200 1810
[06/Mar/2026 07:54:07] "GET /api/users/auth/me/ HTTP/1.1" 200 189
[06/Mar/2026 07:54:07] "GET /api/notifications/ HTTP/1.1" 200 52
[06/Mar/2026 07:54:32] "OPTIONS /api/students/records/ HTTP/1.1" 200 0
[06/Mar/2026 07:54:32] "OPTIONS /api/teachers/staff/ HTTP/1.1" 200 0
[06/Mar/2026 07:54:32] "OPTIONS /api/finance/payments/ HTTP/1.1" 200 0
[06/Mar/2026 07:54:32] "OPTIONS /api/academics/classrooms/ HTTP/1.1" 200 0
[06/Mar/2026 07:54:32] "OPTIONS /api/users/auth/me/ HTTP/1.1" 200 0
/var/www/backend/school-backend/venv/lib/python3.12/site-packages/rest_framework/pagination.py:207: UnorderedObjectListWarning: Pagination may yield inconsistent results with an unordered object_list: <class 'students.models.Student'> QuerySet.
  paginator = self.django_paginator_class(queryset, page_size)
/var/www/backend/school-backend/venv/lib/python3.12/site-packages/rest_framework/pagination.py:207: UnorderedObjectListWarning: Pagination may yield inconsistent results with an unordered object_list: <class 'finance.models.FeePayment'> QuerySet.
  paginator = self.django_paginator_class(queryset, page_size)
[06/Mar/2026 07:54:32] "GET /api/notifications/ HTTP/1.1" 200 1810
[06/Mar/2026 07:54:32] "GET /api/students/records/ HTTP/1.1" 200 52
[06/Mar/2026 07:54:32] "GET /api/finance/payments/ HTTP/1.1" 200 52
/var/www/backend/school-backend/venv/lib/python3.12/site-packages/rest_framework/pagination.py:207: UnorderedObjectListWarning: Pagination may yield inconsistent results with an unordered object_list: <class 'academics.models.Classroom'> QuerySet.
  paginator = self.django_paginator_class(queryset, page_size)
[06/Mar/2026 07:54:32] "GET /api/academics/classrooms/ HTTP/1.1" 200 413
[06/Mar/2026 07:54:32] "GET /api/users/auth/me/ HTTP/1.1" 200 179
Internal Server Error: /api/teachers/staff/
Traceback (most recent call last):
  File "/var/www/backend/school-backend/core/middleware.py", line 34, in __call__
    domain_obj = CustomDomain.objects.select_related('school', 'school__database').get(domain=host)
                 ^^^^^^^^^^^^^^^^^^^^^^^^^^^^^^^^^^^^^^^^^^^^^^^^^^^^^^^^^^^^^^^^^^^^^^^^^^^^^^^^^^
  File "/var/www/backend/school-backend/venv/lib/python3.12/site-packages/django/db/models/query.py", line 639, in get
    raise self.model.DoesNotExist(
management.models.CustomDomain.DoesNotExist: CustomDomain matching query does not exist.

During handling of the above exception, another exception occurred:

Traceback (most recent call last):
  File "/var/www/backend/school-backend/venv/lib/python3.12/site-packages/django/core/handlers/exception.py", line 55, in inner
    response = get_response(request)
               ^^^^^^^^^^^^^^^^^^^^^
  File "/var/www/backend/school-backend/venv/lib/python3.12/site-packages/django/core/handlers/base.py", line 198, in _get_response
    response = wrapped_callback(request, *callback_args, **callback_kwargs)
               ^^^^^^^^^^^^^^^^^^^^^^^^^^^^^^^^^^^^^^^^^^^^^^^^^^^^^^^^^^^^
  File "/var/www/backend/school-backend/venv/lib/python3.12/site-packages/django/views/decorators/csrf.py", line 65, in _view_wrapper
    return view_func(request, *args, **kwargs)
           ^^^^^^^^^^^^^^^^^^^^^^^^^^^^^^^^^^^
  File "/var/www/backend/school-backend/venv/lib/python3.12/site-packages/rest_framework/viewsets.py", line 125, in view
    return self.dispatch(request, *args, **kwargs)
           ^^^^^^^^^^^^^^^^^^^^^^^^^^^^^^^^^^^^^^^
  File "/var/www/backend/school-backend/venv/lib/python3.12/site-packages/rest_framework/views.py", line 515, in dispatch
    response = self.handle_exception(exc)
               ^^^^^^^^^^^^^^^^^^^^^^^^^^
  File "/var/www/backend/school-backend/venv/lib/python3.12/site-packages/rest_framework/views.py", line 475, in handle_exception
    self.raise_uncaught_exception(exc)
  File "/var/www/backend/school-backend/venv/lib/python3.12/site-packages/rest_framework/views.py", line 486, in raise_uncaught_exception
    raise exc
  File "/var/www/backend/school-backend/venv/lib/python3.12/site-packages/rest_framework/views.py", line 512, in dispatch
    response = handler(request, *args, **kwargs)
               ^^^^^^^^^^^^^^^^^^^^^^^^^^^^^^^^^
  File "/var/www/backend/school-backend/venv/lib/python3.12/site-packages/rest_framework/mixins.py", line 38, in list
    queryset = self.filter_queryset(self.get_queryset())
               ^^^^^^^^^^^^^^^^^^^^^^^^^^^^^^^^^^^^^^^^^
  File "/var/www/backend/school-backend/venv/lib/python3.12/site-packages/rest_framework/generics.py", line 154, in filter_queryset
    queryset = backend().filter_queryset(self.request, queryset, self)
               ^^^^^^^^^^^^^^^^^^^^^^^^^^^^^^^^^^^^^^^^^^^^^^^^^^^^^^^
  File "/var/www/backend/school-backend/venv/lib/python3.12/site-packages/django_filters/rest_framework/backends.py", line 66, in filter_queryset
    filterset = self.get_filterset(request, queryset, view)
                ^^^^^^^^^^^^^^^^^^^^^^^^^^^^^^^^^^^^^^^^^^^
  File "/var/www/backend/school-backend/venv/lib/python3.12/site-packages/django_filters/rest_framework/backends.py", line 18, in get_filterset
    filterset_class = self.get_filterset_class(view, queryset)
                      ^^^^^^^^^^^^^^^^^^^^^^^^^^^^^^^^^^^^^^^^
  File "/var/www/backend/school-backend/venv/lib/python3.12/site-packages/django_filters/rest_framework/backends.py", line 49, in get_filterset_class
    class AutoFilterSet(self.filterset_base):
  File "/var/www/backend/school-backend/venv/lib/python3.12/site-packages/django_filters/filterset.py", line 82, in __new__
    new_class.base_filters = new_class.get_filters()
                             ^^^^^^^^^^^^^^^^^^^^^^^
  File "/var/www/backend/school-backend/venv/lib/python3.12/site-packages/django_filters/filterset.py", line 371, in get_filters
    raise TypeError(
TypeError: 'Meta.fields' must not contain non-model field names: joining_date
[06/Mar/2026 07:54:32] "GET /api/teachers/staff/ HTTP/1.1" 500 154188
[06/Mar/2026 07:55:01] "OPTIONS /api/management/schools/ HTTP/1.1" 200 0
[06/Mar/2026 07:55:01] "GET /api/notifications/ HTTP/1.1" 200 52
[06/Mar/2026 07:55:01] "GET /api/users/auth/me/ HTTP/1.1" 200 189
/var/www/backend/school-backend/venv/lib/python3.12/site-packages/rest_framework/pagination.py:207: UnorderedObjectListWarning: Pagination may yield inconsistent results with an unordered object_list: <class 'management.models.School'> QuerySet.
  paginator = self.django_paginator_class(queryset, page_size)
[06/Mar/2026 07:55:01] "GET /api/management/schools/ HTTP/1.1" 200 2120
[06/Mar/2026 07:56:01] "GET /api/notifications/ HTTP/1.1" 200 52
[06/Mar/2026 07:57:01] "GET /api/notifications/ HTTP/1.1" 200 52
[06/Mar/2026 07:58:01] "GET /api/notifications/ HTTP/1.1" 200 52
JAZZMIN_UI_TWEAKS['dark_mode_theme'] is deprecated and ignored. Use default_theme_mode='auto' (or 'light'/'dark') instead. All themes now support light/dark via data-bs-theme.
[06/Mar/2026 07:58:11] "GET /admin/ HTTP/1.1" 200 86005
[06/Mar/2026 07:58:11] "GET /static/vendor/bootstrap/js/bootstrap.bundle.min.js HTTP/1.1" 200 80721
JAZZMIN_UI_TWEAKS['dark_mode_theme'] is deprecated and ignored. Use default_theme_mode='auto' (or 'light'/'dark') instead. All themes now support light/dark via data-bs-theme.
JAZZMIN_UI_TWEAKS['dark_mode_theme'] is deprecated and ignored. Use default_theme_mode='auto' (or 'light'/'dark') instead. All themes now support light/dark via data-bs-theme.
JAZZMIN_UI_TWEAKS['dark_mode_theme'] is deprecated and ignored. Use default_theme_mode='auto' (or 'light'/'dark') instead. All themes now support light/dark via data-bs-theme.
JAZZMIN_UI_TWEAKS['dark_mode_theme'] is deprecated and ignored. Use default_theme_mode='auto' (or 'light'/'dark') instead. All themes now support light/dark via data-bs-theme.
[06/Mar/2026 07:58:12] "GET /admin/management/school/ HTTP/1.1" 200 42599
JAZZMIN_UI_TWEAKS['dark_mode_theme'] is deprecated and ignored. Use default_theme_mode='auto' (or 'light'/'dark') instead. All themes now support light/dark via data-bs-theme.
JAZZMIN_UI_TWEAKS['dark_mode_theme'] is deprecated and ignored. Use default_theme_mode='auto' (or 'light'/'dark') instead. All themes now support light/dark via data-bs-theme.
[06/Mar/2026 07:58:16] "POST /admin/management/school/add/ HTTP/1.1" 200 38549
[06/Mar/2026 07:58:17] "GET /admin/jsi18n/ HTTP/1.1" 200 3342
JAZZMIN_UI_TWEAKS['dark_mode_theme'] is deprecated and ignored. Use default_theme_mode='auto' (or 'light'/'dark') instead. All themes now support light/dark via data-bs-theme.
JAZZMIN_UI_TWEAKS['dark_mode_theme'] is deprecated and ignored. Use default_theme_mode='auto' (or 'light'/'dark') instead. All themes now support light/dark via data-bs-theme.
[06/Mar/2026 07:58:30] "POST /admin/management/school/add/ HTTP/1.1" 200 38549
[06/Mar/2026 07:58:30] "GET /admin/jsi18n/ HTTP/1.1" 200 3342
[06/Mar/2026 07:59:01] "GET /api/notifications/ HTTP/1.1" 200 52
