🚀 Starting Bulk Import Verification...
✅ Import Successful!
{
  "total": 3,
  "success": 0,
  "failed": 3,
  "errors": [
    {
      "line": 2,
      "email": "john.doe@school.com",
      "error": "column students_parent.user_id does not exist\nLINE 1: SELECT \"students_parent\".\"id\", \"students_parent\".\"user_id\", ...\n                                       ^\n"
    },
    {
      "line": 3,
      "email": "jane.smith@school.com",
      "error": "column students_parent.user_id does not exist\nLINE 1: SELECT \"students_parent\".\"id\", \"students_parent\".\"user_id\", ...\n                                       ^\n"
    },
    {
      "line": 4,
      "email": "alice.wonder@school.com",
      "error": "column students_parent.user_id does not exist\nLINE 1: SELECT \"students_parent\".\"id\", \"students_parent\".\"user_id\", ...\n                                       ^\n"
    }
  ]
}
